<?xml version="1.0" encoding="UTF-8"?>
<testng-results skipped="0" failed="0" ignored="0" total="3" passed="3">
  <reporter-output>
  </reporter-output>
  <suite name="Default suite" duration-ms="161" started-at="2021-05-05T11:26:41 IST" finished-at="2021-05-05T11:26:41 IST">
    <groups>
    </groups>
    <test name="Default test" duration-ms="161" started-at="2021-05-05T11:26:41 IST" finished-at="2021-05-05T11:26:41 IST">
      <class name="Star_Pattern.asss">
        <test-method status="PASS" signature="abc()[pri:0, instance:Star_Pattern.asss@3a5ed7a6]" name="abc" duration-ms="11" started-at="2021-05-05T11:26:41 IST" finished-at="2021-05-05T11:26:41 IST">
          <reporter-output>
          </reporter-output>
        </test-method> <!-- abc -->
        <test-method status="PASS" signature="abdde()[pri:0, instance:Star_Pattern.asss@3a5ed7a6]" name="abdde" duration-ms="2" started-at="2021-05-05T11:26:41 IST" finished-at="2021-05-05T11:26:41 IST">
          <reporter-output>
          </reporter-output>
        </test-method> <!-- abdde -->
        <test-method status="PASS" signature="xyz()[pri:0, instance:Star_Pattern.asss@3a5ed7a6]" name="xyz" duration-ms="2" started-at="2021-05-05T11:26:41 IST" finished-at="2021-05-05T11:26:41 IST">
          <reporter-output>
          </reporter-output>
        </test-method> <!-- xyz -->
      </class> <!-- Star_Pattern.asss -->
    </test> <!-- Default test -->
  </suite> <!-- Default suite -->
</testng-results>
